GET /api/user/catagories/add-catagorie 404 172 - 2.351 ms
GET /api/user/catagories/add 404 162 - 1.371 ms
POST /api/user/catagories/add 404 163 - 0.334 ms
POST /api/user/catagories/add 404 163 - 0.162 ms
POST /api/user/catagories/add 500 21 - 24.900 ms
POST /api/user/catagories/add 500 21 - 8.844 ms
POST /api/user/catagories/add 500 21 - 8.954 ms
POST /api/user/catagories/add 500 21 - 11.138 ms
POST /api/user/catagories/add 500 21 - 35.147 ms
POST /api/user/catagories/add 200 131 - 27.787 ms
GET /api/user/catagories 200 203 - 49.627 ms
GET /api/user/catagories 200 136 - 2.402 ms
GET /api/user/catagories 200 136 - 35.938 ms
POST /api/user/catagories/add 200 133 - 44.047 ms
GET /api/user/catagories 200 205 - 6.276 ms
GET /api/user/products 200 68 - 41.492 ms
POST /api/user/products/add 200 181 - 15.284 ms
GET /api/user/products 200 186 - 5.785 ms
POST /api/user/products/add 200 181 - 5.299 ms
POST /api/user/products/add 200 185 - 10.956 ms
GET /api/user/products 200 428 - 7.014 ms
PUT /api/user/products/update/658fac3c453846940eb5be14 200 182 - 32.140 ms
GET /api/user/products 200 428 - 4.802 ms
PUT /api/user/products/update/658fac3c453846940eb5be14 200 141 - 37.795 ms
DELETE /api/user/products/delete/658fac3c453846940eb5be14 200 57 - 17.514 ms
GET /api/user/products 200 309 - 10.524 ms
GET /api/user/products 200 309 - 28.264 ms
GET /api/user/products 200 375 - 85.271 ms
GET /api/user/products 200 375 - 49.125 ms
POST /api/user/products/add 200 177 - 26.612 ms
GET /api/user/products 200 524 - 8.854 ms
POST /api/user/products/add 200 178 - 4.042 ms
GET /api/user/products 200 674 - 13.100 ms
GET /api/user/products 200 674 - 43.080 ms
DELETE /api/user/products/delete/6590e2339c5ba04dd2d17f68 200 57 - 21.262 ms
GET /api/user/products 200 524 - 17.241 ms
POST /api/user/products/add 200 193 - 13.416 ms
GET /api/user/products 200 689 - 13.036 ms
GET /api/user/customers/add 404 161 - 4.993 ms
POST /api/user/customers/add 500 51 - 12.233 ms
POST /api/user/customers/add 200 56 - 34.470 ms
GET /api/user/customers 200 172 - 8.281 ms
PUT /api/user/customers/update/6590f590ff38a28b13733506 200 58 - 8.974 ms
GET /api/user/customers 200 176 - 2.747 ms
GET /api/user/customers 500 51 - 44.591 ms
GET /api/user/customers 200 176 - 24.661 ms
GET /api/user/products 200 689 - 24.753 ms
POST /api/user/bills/add 500 51 - 24.164 ms
POST /api/user/bills/add 200 52 - 30.565 ms
GET /api/user/bills 200 383 - 11.925 ms
GET /api/user/customers 500 51 - 22.349 ms
GET /api/user/customers 500 51 - 23.240 ms
GET /api/user/customers 500 51 - 25.645 ms
GET /api/user/customers 200 176 - 17.031 ms
GET /api/user/products 200 689 - 76.831 ms
GET /api/user/customers 200 176 - 3.091 ms
GET /api/user/bills/getbyid/6590f590ff38a28b13733506 500 51 - 11.254 ms
GET /api/user/bills/getbyid?id=6590f590ff38a28b13733506 404 161 - 1.906 ms
GET /api/user/bills/getbyid?id=6590f590ff38a28b13733506 404 161 - 2.495 ms
GET /api/user/bills/getbyid/6590f590ff38a28b13733506 500 51 - 24.075 ms
GET /api/user/bills/getbyid/6590f590ff38a28b13733506 200 392 - 36.389 ms
POST /api/user/customers/add 200 56 - 15.458 ms
GET /api/user/customers 200 280 - 6.249 ms
GET /api/user/bills/getbyid/65911ecfe822977e0ec2e0cd 200 74 - 2.716 ms
GET / 200 1018 - 201.936 ms
GET /favicon.ico 404 150 - 2.577 ms
GET / 200 451 - 4.147 ms
GET /favicon.ico 404 150 - 4.168 ms
GET / 200 269 - 1.564 ms
GET /favicon.ico 404 150 - 1.279 ms
GET / 200 315 - 1.322 ms
GET /style.css 200 160 - 1.081 ms
GET /favicon.ico 404 150 - 1.420 ms
GET / 200 315 - 0.920 ms
GET /style.css 200 165 - 1.741 ms
GET /favicon.ico 404 150 - 0.653 ms
GET / 200 315 - 2.381 ms
GET /style.css 200 171 - 3.395 ms
GET /favicon.ico 404 150 - 1.337 ms
GET / 200 315 - 1.924 ms
GET /style.css 200 190 - 3.510 ms
GET /favicon.ico 404 150 - 0.769 ms
GET / 200 315 - 1.320 ms
GET /style.css 200 189 - 2.075 ms
GET /favicon.ico 404 150 - 1.778 ms
GET / 200 318 - 1.274 ms
GET /style.css 200 189 - 3.074 ms
GET /favicon.ico 404 150 - 0.657 ms
GET / 200 318 - 1.043 ms
GET /style.css 200 215 - 3.660 ms
GET /favicon.ico 404 150 - 0.675 ms
GET / 200 318 - 6.642 ms
GET /style.css 200 215 - 1.333 ms
GET /favicon.ico 404 150 - 1.676 ms
